This file contains any messages produced by compilers while
running configure, to aid debugging if configure makes a mistake.

It was created by gmml configure 0.0.3, which was
generated by GNU Autoconf 2.65.  Invocation command line was

  $ ./configure --disable-option-checking --prefix=/usr/local --cache-file=/dev/null --srcdir=.

## --------- ##
## Platform. ##
## --------- ##

hostname = elrobo
uname -m = x86_64
uname -r = 2.6.32-36-generic
uname -s = Linux
uname -v = #79-Ubuntu SMP Tue Nov 8 22:29:53 UTC 2011

/usr/bin/uname -p = unknown
/bin/uname -X     = unknown

/bin/arch              = unknown
/usr/bin/arch -k       = unknown
/usr/convex/getsysinfo = unknown
/usr/bin/hostinfo      = unknown
/bin/machine           = unknown
/usr/bin/oslevel       = unknown
/bin/universe          = unknown

PATH: /home/robert/bin
PATH: /home/robert/Downloads/scala/scala-2.8.1.final/bin
PATH: /home/robert/bin
PATH: /usr/local/sbin
PATH: /usr/local/bin
PATH: /usr/sbin
PATH: /usr/bin
PATH: /sbin
PATH: /bin
PATH: /usr/games
PATH: /home/robert/amber.git/bin/


## ----------- ##
## Core tests. ##
## ----------- ##

configure:2553: checking for a BSD-compatible install
configure:2621: result: /usr/bin/install -c
configure:2632: checking whether build environment is sane
configure:2682: result: yes
configure:2823: checking for a thread-safe mkdir -p
configure:2862: result: /bin/mkdir -p
configure:2875: checking for gawk
configure:2891: found /usr/bin/gawk
configure:2902: result: gawk
configure:2913: checking whether make sets $(MAKE)
configure:2935: result: yes
configure:3093: checking for g++
configure:3109: found /usr/bin/g++
configure:3120: result: g++
configure:3147: checking for C++ compiler version
configure:3156: g++ --version >&5
g++ (Ubuntu 4.4.3-4ubuntu5) 4.4.3
Copyright (C) 2009 Free Software Foundation, Inc.
This is free software; see the source for copying conditions.  There is NO
warranty; not even for MERCHANTABILITY or FITNESS FOR A PARTICULAR PURPOSE.

configure:3167: $? = 0
configure:3156: g++ -v >&5
Using built-in specs.
Target: x86_64-linux-gnu
Configured with: ../src/configure -v --with-pkgversion='Ubuntu 4.4.3-4ubuntu5' --with-bugurl=file:///usr/share/doc/gcc-4.4/README.Bugs --enable-languages=c,c++,fortran,objc,obj-c++ --prefix=/usr --enable-shared --enable-multiarch --enable-linker-build-id --with-system-zlib --libexecdir=/usr/lib --without-included-gettext --enable-threads=posix --with-gxx-include-dir=/usr/include/c++/4.4 --program-suffix=-4.4 --enable-nls --enable-clocale=gnu --enable-libstdcxx-debug --enable-plugin --enable-objc-gc --disable-werror --with-arch-32=i486 --with-tune=generic --enable-checking=release --build=x86_64-linux-gnu --host=x86_64-linux-gnu --target=x86_64-linux-gnu
Thread model: posix
gcc version 4.4.3 (Ubuntu 4.4.3-4ubuntu5) 
configure:3167: $? = 0
configure:3156: g++ -V >&5
g++: '-V' option must have argument
configure:3167: $? = 1
configure:3156: g++ -qversion >&5
g++: unrecognized option '-qversion'
g++: no input files
configure:3167: $? = 1
configure:3187: checking whether the C++ compiler works
configure:3209: g++    conftest.cpp  >&5
configure:3213: $? = 0
configure:3262: result: yes
configure:3265: checking for C++ compiler default output file name
configure:3267: result: a.out
configure:3273: checking for suffix of executables
configure:3280: g++ -o conftest    conftest.cpp  >&5
configure:3284: $? = 0
configure:3306: result: 
configure:3328: checking whether we are cross compiling
configure:3336: g++ -o conftest    conftest.cpp  >&5
configure:3340: $? = 0
configure:3347: ./conftest
configure:3351: $? = 0
configure:3366: result: no
configure:3371: checking for suffix of object files
configure:3393: g++ -c   conftest.cpp >&5
configure:3397: $? = 0
configure:3418: result: o
configure:3422: checking whether we are using the GNU C++ compiler
configure:3441: g++ -c   conftest.cpp >&5
configure:3441: $? = 0
configure:3450: result: yes
configure:3459: checking whether g++ accepts -g
configure:3479: g++ -c -g  conftest.cpp >&5
configure:3479: $? = 0
configure:3520: result: yes
configure:3554: checking for style of include used by make
configure:3582: result: GNU
configure:3607: checking dependency style of g++
configure:3717: result: gcc3
configure:3780: checking for gcc
configure:3796: found /usr/bin/gcc
configure:3807: result: gcc
configure:4036: checking for C compiler version
configure:4045: gcc --version >&5
gcc (Ubuntu 4.4.3-4ubuntu5) 4.4.3
Copyright (C) 2009 Free Software Foundation, Inc.
This is free software; see the source for copying conditions.  There is NO
warranty; not even for MERCHANTABILITY or FITNESS FOR A PARTICULAR PURPOSE.

configure:4056: $? = 0
configure:4045: gcc -v >&5
Using built-in specs.
Target: x86_64-linux-gnu
Configured with: ../src/configure -v --with-pkgversion='Ubuntu 4.4.3-4ubuntu5' --with-bugurl=file:///usr/share/doc/gcc-4.4/README.Bugs --enable-languages=c,c++,fortran,objc,obj-c++ --prefix=/usr --enable-shared --enable-multiarch --enable-linker-build-id --with-system-zlib --libexecdir=/usr/lib --without-included-gettext --enable-threads=posix --with-gxx-include-dir=/usr/include/c++/4.4 --program-suffix=-4.4 --enable-nls --enable-clocale=gnu --enable-libstdcxx-debug --enable-plugin --enable-objc-gc --disable-werror --with-arch-32=i486 --with-tune=generic --enable-checking=release --build=x86_64-linux-gnu --host=x86_64-linux-gnu --target=x86_64-linux-gnu
Thread model: posix
gcc version 4.4.3 (Ubuntu 4.4.3-4ubuntu5) 
configure:4056: $? = 0
configure:4045: gcc -V >&5
gcc: '-V' option must have argument
configure:4056: $? = 1
configure:4045: gcc -qversion >&5
gcc: unrecognized option '-qversion'
gcc: no input files
configure:4056: $? = 1
configure:4060: checking whether we are using the GNU C compiler
configure:4079: gcc -c   conftest.c >&5
configure:4079: $? = 0
configure:4088: result: yes
configure:4097: checking whether gcc accepts -g
configure:4117: gcc -c -g  conftest.c >&5
configure:4117: $? = 0
configure:4158: result: yes
configure:4175: checking for gcc option to accept ISO C89
configure:4239: gcc  -c -g -O2  conftest.c >&5
configure:4239: $? = 0
configure:4252: result: none needed
configure:4274: checking dependency style of gcc
configure:4384: result: gcc3
configure:4428: checking build system type
configure:4442: result: x86_64-unknown-linux-gnu
configure:4462: checking host system type
configure:4475: result: x86_64-unknown-linux-gnu
configure:4495: checking for a sed that does not truncate output
configure:4559: result: /bin/sed
configure:4577: checking for grep that handles long lines and -e
configure:4635: result: /bin/grep
configure:4640: checking for egrep
configure:4702: result: /bin/grep -E
configure:4707: checking for fgrep
configure:4769: result: /bin/grep -F
configure:4804: checking for ld used by gcc
configure:4871: result: /usr/bin/ld
configure:4878: checking if the linker (/usr/bin/ld) is GNU ld
configure:4893: result: yes
configure:4905: checking for BSD- or MS-compatible name lister (nm)
configure:4954: result: /usr/bin/nm -B
configure:5072: checking the name lister (/usr/bin/nm -B) interface
configure:5079: gcc -c -g -O2  conftest.c >&5
configure:5082: /usr/bin/nm -B "conftest.o"
configure:5085: output
0000000000000000 B some_variable
configure:5092: result: BSD nm
configure:5095: checking whether ln -s works
configure:5099: result: yes
configure:5107: checking the maximum length of command line arguments
configure:5227: result: 1572864
configure:5244: checking whether the shell understands some XSI constructs
configure:5254: result: yes
configure:5258: checking whether the shell understands "+="
configure:5264: result: yes
configure:5299: checking for /usr/bin/ld option to reload object files
configure:5306: result: -r
configure:5375: checking for objdump
configure:5391: found /usr/bin/objdump
configure:5402: result: objdump
configure:5434: checking how to recognize dependent libraries
configure:5630: result: pass_all
configure:5690: checking for ar
configure:5706: found /usr/bin/ar
configure:5717: result: ar
configure:5795: checking for strip
configure:5811: found /usr/bin/strip
configure:5822: result: strip
configure:5894: checking for ranlib
configure:5910: found /usr/bin/ranlib
configure:5921: result: ranlib
configure:6011: checking command to parse /usr/bin/nm -B output from gcc object
configure:6129: gcc -c -g -O2  conftest.c >&5
configure:6132: $? = 0
configure:6136: /usr/bin/nm -B conftest.o \| sed -n -e 's/^.*[	 ]\([ABCDGIRSTW][ABCDGIRSTW]*\)[	 ][	 ]*\([_A-Za-z][_A-Za-z0-9]*\)$/\1 \2 \2/p' \> conftest.nm
configure:6139: $? = 0
configure:6193: gcc -o conftest -g -O2   conftest.c conftstm.o >&5
configure:6196: $? = 0
configure:6234: result: ok
configure:6330: gcc -c -g -O2  conftest.c >&5
configure:6333: $? = 0
configure:7043: checking how to run the C preprocessor
configure:7074: gcc -E  conftest.c
configure:7074: $? = 0
configure:7088: gcc -E  conftest.c
conftest.c:11:28: error: ac_nonexistent.h: No such file or directory
configure:7088: $? = 1
configure: failed program was:
| /* confdefs.h */
| #define PACKAGE_NAME "gmml"
| #define PACKAGE_TARNAME "gmml"
| #define PACKAGE_VERSION "0.0.3"
| #define PACKAGE_STRING "gmml 0.0.3"
| #define PACKAGE_BUGREPORT "rtdavis22@gmail.com"
| #define PACKAGE_URL ""
| #define PACKAGE "gmml"
| #define VERSION "0.0.3"
| /* end confdefs.h.  */
| #include <ac_nonexistent.h>
configure:7113: result: gcc -E
configure:7133: gcc -E  conftest.c
configure:7133: $? = 0
configure:7147: gcc -E  conftest.c
conftest.c:11:28: error: ac_nonexistent.h: No such file or directory
configure:7147: $? = 1
configure: failed program was:
| /* confdefs.h */
| #define PACKAGE_NAME "gmml"
| #define PACKAGE_TARNAME "gmml"
| #define PACKAGE_VERSION "0.0.3"
| #define PACKAGE_STRING "gmml 0.0.3"
| #define PACKAGE_BUGREPORT "rtdavis22@gmail.com"
| #define PACKAGE_URL ""
| #define PACKAGE "gmml"
| #define VERSION "0.0.3"
| /* end confdefs.h.  */
| #include <ac_nonexistent.h>
configure:7176: checking for ANSI C header files
configure:7196: gcc -c -g -O2  conftest.c >&5
configure:7196: $? = 0
configure:7269: gcc -o conftest -g -O2   conftest.c  >&5
configure:7269: $? = 0
configure:7269: ./conftest
configure:7269: $? = 0
configure:7280: result: yes
configure:7293: checking for sys/types.h
configure:7293: gcc -c -g -O2  conftest.c >&5
configure:7293: $? = 0
configure:7293: result: yes
configure:7293: checking for sys/stat.h
configure:7293: gcc -c -g -O2  conftest.c >&5
configure:7293: $? = 0
configure:7293: result: yes
configure:7293: checking for stdlib.h
configure:7293: gcc -c -g -O2  conftest.c >&5
configure:7293: $? = 0
configure:7293: result: yes
configure:7293: checking for string.h
configure:7293: gcc -c -g -O2  conftest.c >&5
configure:7293: $? = 0
configure:7293: result: yes
configure:7293: checking for memory.h
configure:7293: gcc -c -g -O2  conftest.c >&5
configure:7293: $? = 0
configure:7293: result: yes
configure:7293: checking for strings.h
configure:7293: gcc -c -g -O2  conftest.c >&5
configure:7293: $? = 0
configure:7293: result: yes
configure:7293: checking for inttypes.h
configure:7293: gcc -c -g -O2  conftest.c >&5
configure:7293: $? = 0
configure:7293: result: yes
configure:7293: checking for stdint.h
configure:7293: gcc -c -g -O2  conftest.c >&5
configure:7293: $? = 0
configure:7293: result: yes
configure:7293: checking for unistd.h
configure:7293: gcc -c -g -O2  conftest.c >&5
configure:7293: $? = 0
configure:7293: result: yes
configure:7308: checking for dlfcn.h
configure:7308: gcc -c -g -O2  conftest.c >&5
configure:7308: $? = 0
configure:7308: result: yes
configure:7433: checking for C++ compiler version
configure:7442: g++ --version >&5
g++ (Ubuntu 4.4.3-4ubuntu5) 4.4.3
Copyright (C) 2009 Free Software Foundation, Inc.
This is free software; see the source for copying conditions.  There is NO
warranty; not even for MERCHANTABILITY or FITNESS FOR A PARTICULAR PURPOSE.

configure:7453: $? = 0
configure:7442: g++ -v >&5
Using built-in specs.
Target: x86_64-linux-gnu
Configured with: ../src/configure -v --with-pkgversion='Ubuntu 4.4.3-4ubuntu5' --with-bugurl=file:///usr/share/doc/gcc-4.4/README.Bugs --enable-languages=c,c++,fortran,objc,obj-c++ --prefix=/usr --enable-shared --enable-multiarch --enable-linker-build-id --with-system-zlib --libexecdir=/usr/lib --without-included-gettext --enable-threads=posix --with-gxx-include-dir=/usr/include/c++/4.4 --program-suffix=-4.4 --enable-nls --enable-clocale=gnu --enable-libstdcxx-debug --enable-plugin --enable-objc-gc --disable-werror --with-arch-32=i486 --with-tune=generic --enable-checking=release --build=x86_64-linux-gnu --host=x86_64-linux-gnu --target=x86_64-linux-gnu
Thread model: posix
gcc version 4.4.3 (Ubuntu 4.4.3-4ubuntu5) 
configure:7453: $? = 0
configure:7442: g++ -V >&5
g++: '-V' option must have argument
configure:7453: $? = 1
configure:7442: g++ -qversion >&5
g++: unrecognized option '-qversion'
g++: no input files
configure:7453: $? = 1
configure:7457: checking whether we are using the GNU C++ compiler
configure:7485: result: yes
configure:7494: checking whether g++ accepts -g
configure:7555: result: yes
configure:7580: checking dependency style of g++
configure:7690: result: gcc3
configure:7713: checking how to run the C++ preprocessor
configure:7740: g++ -E  conftest.cpp
configure:7740: $? = 0
configure:7754: g++ -E  conftest.cpp
conftest.cpp:22:28: error: ac_nonexistent.h: No such file or directory
configure:7754: $? = 1
configure: failed program was:
| /* confdefs.h */
| #define PACKAGE_NAME "gmml"
| #define PACKAGE_TARNAME "gmml"
| #define PACKAGE_VERSION "0.0.3"
| #define PACKAGE_STRING "gmml 0.0.3"
| #define PACKAGE_BUGREPORT "rtdavis22@gmail.com"
| #define PACKAGE_URL ""
| #define PACKAGE "gmml"
| #define VERSION "0.0.3"
| #define STDC_HEADERS 1
| #define HAVE_SYS_TYPES_H 1
| #define HAVE_SYS_STAT_H 1
| #define HAVE_STDLIB_H 1
| #define HAVE_STRING_H 1
| #define HAVE_MEMORY_H 1
| #define HAVE_STRINGS_H 1
| #define HAVE_INTTYPES_H 1
| #define HAVE_STDINT_H 1
| #define HAVE_UNISTD_H 1
| #define HAVE_DLFCN_H 1
| /* end confdefs.h.  */
| #include <ac_nonexistent.h>
configure:7779: result: g++ -E
configure:7799: g++ -E  conftest.cpp
configure:7799: $? = 0
configure:7813: g++ -E  conftest.cpp
conftest.cpp:22:28: error: ac_nonexistent.h: No such file or directory
configure:7813: $? = 1
configure: failed program was:
| /* confdefs.h */
| #define PACKAGE_NAME "gmml"
| #define PACKAGE_TARNAME "gmml"
| #define PACKAGE_VERSION "0.0.3"
| #define PACKAGE_STRING "gmml 0.0.3"
| #define PACKAGE_BUGREPORT "rtdavis22@gmail.com"
| #define PACKAGE_URL ""
| #define PACKAGE "gmml"
| #define VERSION "0.0.3"
| #define STDC_HEADERS 1
| #define HAVE_SYS_TYPES_H 1
| #define HAVE_SYS_STAT_H 1
| #define HAVE_STDLIB_H 1
| #define HAVE_STRING_H 1
| #define HAVE_MEMORY_H 1
| #define HAVE_STRINGS_H 1
| #define HAVE_INTTYPES_H 1
| #define HAVE_STDINT_H 1
| #define HAVE_UNISTD_H 1
| #define HAVE_DLFCN_H 1
| /* end confdefs.h.  */
| #include <ac_nonexistent.h>
configure:8018: checking for objdir
configure:8033: result: .libs
configure:8329: checking if gcc supports -fno-rtti -fno-exceptions
configure:8347: gcc -c -g -O2  -fno-rtti -fno-exceptions conftest.c >&5
cc1: warning: command line option "-fno-rtti" is valid for C++/ObjC++ but not for C
configure:8351: $? = 0
configure:8364: result: no
configure:8384: checking for gcc option to produce PIC
configure:8656: result: -fPIC -DPIC
configure:8668: checking if gcc PIC flag -fPIC -DPIC works
configure:8686: gcc -c -g -O2  -fPIC -DPIC -DPIC conftest.c >&5
configure:8690: $? = 0
configure:8703: result: yes
configure:8727: checking if gcc static flag -static works
configure:8755: result: yes
configure:8770: checking if gcc supports -c -o file.o
configure:8791: gcc -c -g -O2  -o out/conftest2.o conftest.c >&5
configure:8795: $? = 0
configure:8817: result: yes
configure:8825: checking if gcc supports -c -o file.o
configure:8872: result: yes
configure:8905: checking whether the gcc linker (/usr/bin/ld -m elf_x86_64) supports shared libraries
configure:9896: result: yes
configure:9933: checking whether -lc should be explicitly linked in
configure:9938: gcc -c -g -O2  conftest.c >&5
configure:9941: $? = 0
configure:9956: gcc -shared conftest.o  -v -Wl,-soname -Wl,conftest -o conftest 2\>\&1 \| /bin/grep  -lc  \>/dev/null 2\>\&1
configure:9959: $? = 0
configure:9971: result: no
configure:10135: checking dynamic linker characteristics
configure:10568: gcc -o conftest -g -O2   -Wl,-rpath -Wl,/foo conftest.c  >&5
configure:10568: $? = 0
configure:10798: result: GNU/Linux ld.so
configure:10900: checking how to hardcode library paths into programs
configure:10925: result: immediate
configure:11019: checking for shl_load
configure:11019: gcc -o conftest -g -O2   conftest.c  >&5
/tmp/cciDmYsl.o: In function `main':
/home/robert/Documents/gems/deps/gmml/conftest.c:57: undefined reference to `shl_load'
collect2: ld returned 1 exit status
configure:11019: $? = 1
configure: failed program was:
| /* confdefs.h */
| #define PACKAGE_NAME "gmml"
| #define PACKAGE_TARNAME "gmml"
| #define PACKAGE_VERSION "0.0.3"
| #define PACKAGE_STRING "gmml 0.0.3"
| #define PACKAGE_BUGREPORT "rtdavis22@gmail.com"
| #define PACKAGE_URL ""
| #define PACKAGE "gmml"
| #define VERSION "0.0.3"
| #define STDC_HEADERS 1
| #define HAVE_SYS_TYPES_H 1
| #define HAVE_SYS_STAT_H 1
| #define HAVE_STDLIB_H 1
| #define HAVE_STRING_H 1
| #define HAVE_MEMORY_H 1
| #define HAVE_STRINGS_H 1
| #define HAVE_INTTYPES_H 1
| #define HAVE_STDINT_H 1
| #define HAVE_UNISTD_H 1
| #define HAVE_DLFCN_H 1
| #define LT_OBJDIR ".libs/"
| /* end confdefs.h.  */
| /* Define shl_load to an innocuous variant, in case <limits.h> declares shl_load.
|    For example, HP-UX 11i <limits.h> declares gettimeofday.  */
| #define shl_load innocuous_shl_load
| 
| /* System header to define __stub macros and hopefully few prototypes,
|     which can conflict with char shl_load (); below.
|     Prefer <limits.h> to <assert.h> if __STDC__ is defined, since
|     <limits.h> exists even on freestanding compilers.  */
| 
| #ifdef __STDC__
| # include <limits.h>
| #else
| # include <assert.h>
| #endif
| 
| #undef shl_load
| 
| /* Override any GCC internal prototype to avoid an error.
|    Use char because int might match the return type of a GCC
|    builtin and then its argument prototype would still apply.  */
| #ifdef __cplusplus
| extern "C"
| #endif
| char shl_load ();
| /* The GNU C library defines this for functions which it implements
|     to always fail with ENOSYS.  Some functions are actually named
|     something starting with __ and the normal name is an alias.  */
| #if defined __stub_shl_load || defined __stub___shl_load
| choke me
| #endif
| 
| int
| main ()
| {
| return shl_load ();
|   ;
|   return 0;
| }
configure:11019: result: no
configure:11023: checking for shl_load in -ldld
configure:11048: gcc -o conftest -g -O2   conftest.c -ldld   >&5
/usr/bin/ld: cannot find -ldld
collect2: ld returned 1 exit status
configure:11048: $? = 1
configure: failed program was:
| /* confdefs.h */
| #define PACKAGE_NAME "gmml"
| #define PACKAGE_TARNAME "gmml"
| #define PACKAGE_VERSION "0.0.3"
| #define PACKAGE_STRING "gmml 0.0.3"
| #define PACKAGE_BUGREPORT "rtdavis22@gmail.com"
| #define PACKAGE_URL ""
| #define PACKAGE "gmml"
| #define VERSION "0.0.3"
| #define STDC_HEADERS 1
| #define HAVE_SYS_TYPES_H 1
| #define HAVE_SYS_STAT_H 1
| #define HAVE_STDLIB_H 1
| #define HAVE_STRING_H 1
| #define HAVE_MEMORY_H 1
| #define HAVE_STRINGS_H 1
| #define HAVE_INTTYPES_H 1
| #define HAVE_STDINT_H 1
| #define HAVE_UNISTD_H 1
| #define HAVE_DLFCN_H 1
| #define LT_OBJDIR ".libs/"
| /* end confdefs.h.  */
| 
| /* Override any GCC internal prototype to avoid an error.
|    Use char because int might match the return type of a GCC
|    builtin and then its argument prototype would still apply.  */
| #ifdef __cplusplus
| extern "C"
| #endif
| char shl_load ();
| int
| main ()
| {
| return shl_load ();
|   ;
|   return 0;
| }
configure:11057: result: no
configure:11062: checking for dlopen
configure:11062: gcc -o conftest -g -O2   conftest.c  >&5
/tmp/ccdoPEus.o: In function `main':
/home/robert/Documents/gems/deps/gmml/conftest.c:57: undefined reference to `dlopen'
collect2: ld returned 1 exit status
configure:11062: $? = 1
configure: failed program was:
| /* confdefs.h */
| #define PACKAGE_NAME "gmml"
| #define PACKAGE_TARNAME "gmml"
| #define PACKAGE_VERSION "0.0.3"
| #define PACKAGE_STRING "gmml 0.0.3"
| #define PACKAGE_BUGREPORT "rtdavis22@gmail.com"
| #define PACKAGE_URL ""
| #define PACKAGE "gmml"
| #define VERSION "0.0.3"
| #define STDC_HEADERS 1
| #define HAVE_SYS_TYPES_H 1
| #define HAVE_SYS_STAT_H 1
| #define HAVE_STDLIB_H 1
| #define HAVE_STRING_H 1
| #define HAVE_MEMORY_H 1
| #define HAVE_STRINGS_H 1
| #define HAVE_INTTYPES_H 1
| #define HAVE_STDINT_H 1
| #define HAVE_UNISTD_H 1
| #define HAVE_DLFCN_H 1
| #define LT_OBJDIR ".libs/"
| /* end confdefs.h.  */
| /* Define dlopen to an innocuous variant, in case <limits.h> declares dlopen.
|    For example, HP-UX 11i <limits.h> declares gettimeofday.  */
| #define dlopen innocuous_dlopen
| 
| /* System header to define __stub macros and hopefully few prototypes,
|     which can conflict with char dlopen (); below.
|     Prefer <limits.h> to <assert.h> if __STDC__ is defined, since
|     <limits.h> exists even on freestanding compilers.  */
| 
| #ifdef __STDC__
| # include <limits.h>
| #else
| # include <assert.h>
| #endif
| 
| #undef dlopen
| 
| /* Override any GCC internal prototype to avoid an error.
|    Use char because int might match the return type of a GCC
|    builtin and then its argument prototype would still apply.  */
| #ifdef __cplusplus
| extern "C"
| #endif
| char dlopen ();
| /* The GNU C library defines this for functions which it implements
|     to always fail with ENOSYS.  Some functions are actually named
|     something starting with __ and the normal name is an alias.  */
| #if defined __stub_dlopen || defined __stub___dlopen
| choke me
| #endif
| 
| int
| main ()
| {
| return dlopen ();
|   ;
|   return 0;
| }
configure:11062: result: no
configure:11066: checking for dlopen in -ldl
configure:11091: gcc -o conftest -g -O2   conftest.c -ldl   >&5
configure:11091: $? = 0
configure:11100: result: yes
configure:11219: checking whether a program can dlopen itself
configure:11289: gcc -o conftest -g -O2  -DHAVE_DLFCN_H  -Wl,--export-dynamic conftest.c -ldl  >&5
configure:11292: $? = 0
configure:11310: result: yes
configure:11315: checking whether a statically linked program can dlopen itself
configure:11385: gcc -o conftest -g -O2  -DHAVE_DLFCN_H  -Wl,--export-dynamic -static conftest.c -ldl  >&5
/tmp/cc1BHaDB.o: In function `main':
/home/robert/Documents/gems/deps/gmml/configure:11369: warning: Using 'dlopen' in statically linked applications requires at runtime the shared libraries from the glibc version used for linking
/usr/bin/ld: dynamic STT_GNU_IFUNC symbol `strcmp' with pointer equality in `/usr/lib/gcc/x86_64-linux-gnu/4.4.3/../../../../lib/libc.a(strcmp.o)' can not be used when making an executable; recompile with -fPIE and relink with -pie
collect2: ld returned 1 exit status
configure:11388: $? = 1
configure:11406: result: no
configure:11445: checking whether stripping libraries is possible
configure:11450: result: yes
configure:11485: checking if libtool supports shared libraries
configure:11487: result: yes
configure:11490: checking whether to build shared libraries
configure:11511: result: yes
configure:11514: checking whether to build static libraries
configure:11518: result: yes
configure:11668: checking for ld used by g++
configure:11735: result: /usr/bin/ld -m elf_x86_64
configure:11742: checking if the linker (/usr/bin/ld -m elf_x86_64) is GNU ld
configure:11757: result: yes
configure:11812: checking whether the g++ linker (/usr/bin/ld -m elf_x86_64) supports shared libraries
configure:12725: result: yes
configure:12753: g++ -c -g -O2  conftest.cpp >&5
configure:12756: $? = 0
configure:12938: checking for g++ option to produce PIC
configure:13255: result: -fPIC -DPIC
configure:13264: checking if g++ PIC flag -fPIC -DPIC works
configure:13282: g++ -c -g -O2  -fPIC -DPIC -DPIC conftest.cpp >&5
configure:13286: $? = 0
configure:13299: result: yes
configure:13320: checking if g++ static flag -static works
configure:13348: result: yes
configure:13360: checking if g++ supports -c -o file.o
configure:13381: g++ -c -g -O2  -o out/conftest2.o conftest.cpp >&5
configure:13385: $? = 0
configure:13407: result: yes
configure:13412: checking if g++ supports -c -o file.o
configure:13459: result: yes
configure:13489: checking whether the g++ linker (/usr/bin/ld -m elf_x86_64) supports shared libraries
configure:13518: result: yes
configure:13655: checking dynamic linker characteristics
configure:14036: g++ -o conftest -g -O2   -Wl,-rpath -Wl,/foo conftest.cpp  >&5
configure:14036: $? = 0
configure:14266: result: GNU/Linux ld.so
configure:14317: checking how to hardcode library paths into programs
configure:14342: result: immediate
configure:14402: checking for sander
configure:14418: found /home/robert/amber.git/bin//sander
configure:14429: result: yes
configure:14447: checking sys/time.h usability
configure:14447: gcc -c -g -O2  conftest.c >&5
configure:14447: $? = 0
configure:14447: result: yes
configure:14447: checking sys/time.h presence
configure:14447: gcc -E  conftest.c
configure:14447: $? = 0
configure:14447: result: yes
configure:14447: checking for sys/time.h
configure:14447: result: yes
configure:14447: checking for unistd.h
configure:14447: result: yes
configure:14459: checking for stdbool.h that conforms to C99
configure:14544: gcc -c -g -O2  conftest.c >&5
configure:14544: $? = 0
configure:14551: result: yes
configure:14553: checking for _Bool
configure:14553: gcc -c -g -O2  conftest.c >&5
configure:14553: $? = 0
configure:14553: gcc -c -g -O2  conftest.c >&5
conftest.c: In function 'main':
conftest.c:62: error: expected expression before ')' token
configure:14553: $? = 1
configure: failed program was:
| /* confdefs.h */
| #define PACKAGE_NAME "gmml"
| #define PACKAGE_TARNAME "gmml"
| #define PACKAGE_VERSION "0.0.3"
| #define PACKAGE_STRING "gmml 0.0.3"
| #define PACKAGE_BUGREPORT "rtdavis22@gmail.com"
| #define PACKAGE_URL ""
| #define PACKAGE "gmml"
| #define VERSION "0.0.3"
| #define STDC_HEADERS 1
| #define HAVE_SYS_TYPES_H 1
| #define HAVE_SYS_STAT_H 1
| #define HAVE_STDLIB_H 1
| #define HAVE_STRING_H 1
| #define HAVE_MEMORY_H 1
| #define HAVE_STRINGS_H 1
| #define HAVE_INTTYPES_H 1
| #define HAVE_STDINT_H 1
| #define HAVE_UNISTD_H 1
| #define HAVE_DLFCN_H 1
| #define LT_OBJDIR ".libs/"
| #define HAVE_SANDER 1
| #define HAVE_SYS_TIME_H 1
| #define HAVE_UNISTD_H 1
| /* end confdefs.h.  */
| #include <stdio.h>
| #ifdef HAVE_SYS_TYPES_H
| # include <sys/types.h>
| #endif
| #ifdef HAVE_SYS_STAT_H
| # include <sys/stat.h>
| #endif
| #ifdef STDC_HEADERS
| # include <stdlib.h>
| # include <stddef.h>
| #else
| # ifdef HAVE_STDLIB_H
| #  include <stdlib.h>
| # endif
| #endif
| #ifdef HAVE_STRING_H
| # if !defined STDC_HEADERS && defined HAVE_MEMORY_H
| #  include <memory.h>
| # endif
| # include <string.h>
| #endif
| #ifdef HAVE_STRINGS_H
| # include <strings.h>
| #endif
| #ifdef HAVE_INTTYPES_H
| # include <inttypes.h>
| #endif
| #ifdef HAVE_STDINT_H
| # include <stdint.h>
| #endif
| #ifdef HAVE_UNISTD_H
| # include <unistd.h>
| #endif
| int
| main ()
| {
| if (sizeof ((_Bool)))
| 	    return 0;
|   ;
|   return 0;
| }
configure:14553: result: yes
configure:14569: checking for inline
configure:14585: gcc -c -g -O2  conftest.c >&5
configure:14585: $? = 0
configure:14593: result: inline
configure:14611: checking for pid_t
configure:14611: gcc -c -g -O2  conftest.c >&5
configure:14611: $? = 0
configure:14611: gcc -c -g -O2  conftest.c >&5
conftest.c: In function 'main':
conftest.c:64: error: expected expression before ')' token
configure:14611: $? = 1
configure: failed program was:
| /* confdefs.h */
| #define PACKAGE_NAME "gmml"
| #define PACKAGE_TARNAME "gmml"
| #define PACKAGE_VERSION "0.0.3"
| #define PACKAGE_STRING "gmml 0.0.3"
| #define PACKAGE_BUGREPORT "rtdavis22@gmail.com"
| #define PACKAGE_URL ""
| #define PACKAGE "gmml"
| #define VERSION "0.0.3"
| #define STDC_HEADERS 1
| #define HAVE_SYS_TYPES_H 1
| #define HAVE_SYS_STAT_H 1
| #define HAVE_STDLIB_H 1
| #define HAVE_STRING_H 1
| #define HAVE_MEMORY_H 1
| #define HAVE_STRINGS_H 1
| #define HAVE_INTTYPES_H 1
| #define HAVE_STDINT_H 1
| #define HAVE_UNISTD_H 1
| #define HAVE_DLFCN_H 1
| #define LT_OBJDIR ".libs/"
| #define HAVE_SANDER 1
| #define HAVE_SYS_TIME_H 1
| #define HAVE_UNISTD_H 1
| #define HAVE__BOOL 1
| #define HAVE_STDBOOL_H 1
| /* end confdefs.h.  */
| #include <stdio.h>
| #ifdef HAVE_SYS_TYPES_H
| # include <sys/types.h>
| #endif
| #ifdef HAVE_SYS_STAT_H
| # include <sys/stat.h>
| #endif
| #ifdef STDC_HEADERS
| # include <stdlib.h>
| # include <stddef.h>
| #else
| # ifdef HAVE_STDLIB_H
| #  include <stdlib.h>
| # endif
| #endif
| #ifdef HAVE_STRING_H
| # if !defined STDC_HEADERS && defined HAVE_MEMORY_H
| #  include <memory.h>
| # endif
| # include <string.h>
| #endif
| #ifdef HAVE_STRINGS_H
| # include <strings.h>
| #endif
| #ifdef HAVE_INTTYPES_H
| # include <inttypes.h>
| #endif
| #ifdef HAVE_STDINT_H
| # include <stdint.h>
| #endif
| #ifdef HAVE_UNISTD_H
| # include <unistd.h>
| #endif
| int
| main ()
| {
| if (sizeof ((pid_t)))
| 	    return 0;
|   ;
|   return 0;
| }
configure:14611: result: yes
configure:14622: checking for size_t
configure:14622: gcc -c -g -O2  conftest.c >&5
configure:14622: $? = 0
configure:14622: gcc -c -g -O2  conftest.c >&5
conftest.c: In function 'main':
conftest.c:64: error: expected expression before ')' token
configure:14622: $? = 1
configure: failed program was:
| /* confdefs.h */
| #define PACKAGE_NAME "gmml"
| #define PACKAGE_TARNAME "gmml"
| #define PACKAGE_VERSION "0.0.3"
| #define PACKAGE_STRING "gmml 0.0.3"
| #define PACKAGE_BUGREPORT "rtdavis22@gmail.com"
| #define PACKAGE_URL ""
| #define PACKAGE "gmml"
| #define VERSION "0.0.3"
| #define STDC_HEADERS 1
| #define HAVE_SYS_TYPES_H 1
| #define HAVE_SYS_STAT_H 1
| #define HAVE_STDLIB_H 1
| #define HAVE_STRING_H 1
| #define HAVE_MEMORY_H 1
| #define HAVE_STRINGS_H 1
| #define HAVE_INTTYPES_H 1
| #define HAVE_STDINT_H 1
| #define HAVE_UNISTD_H 1
| #define HAVE_DLFCN_H 1
| #define LT_OBJDIR ".libs/"
| #define HAVE_SANDER 1
| #define HAVE_SYS_TIME_H 1
| #define HAVE_UNISTD_H 1
| #define HAVE__BOOL 1
| #define HAVE_STDBOOL_H 1
| /* end confdefs.h.  */
| #include <stdio.h>
| #ifdef HAVE_SYS_TYPES_H
| # include <sys/types.h>
| #endif
| #ifdef HAVE_SYS_STAT_H
| # include <sys/stat.h>
| #endif
| #ifdef STDC_HEADERS
| # include <stdlib.h>
| # include <stddef.h>
| #else
| # ifdef HAVE_STDLIB_H
| #  include <stdlib.h>
| # endif
| #endif
| #ifdef HAVE_STRING_H
| # if !defined STDC_HEADERS && defined HAVE_MEMORY_H
| #  include <memory.h>
| # endif
| # include <string.h>
| #endif
| #ifdef HAVE_STRINGS_H
| # include <strings.h>
| #endif
| #ifdef HAVE_INTTYPES_H
| # include <inttypes.h>
| #endif
| #ifdef HAVE_STDINT_H
| # include <stdint.h>
| #endif
| #ifdef HAVE_UNISTD_H
| # include <unistd.h>
| #endif
| int
| main ()
| {
| if (sizeof ((size_t)))
| 	    return 0;
|   ;
|   return 0;
| }
configure:14622: result: yes
configure:14633: checking for ptrdiff_t
configure:14633: gcc -c -g -O2  conftest.c >&5
configure:14633: $? = 0
configure:14633: gcc -c -g -O2  conftest.c >&5
conftest.c: In function 'main':
conftest.c:64: error: expected expression before ')' token
configure:14633: $? = 1
configure: failed program was:
| /* confdefs.h */
| #define PACKAGE_NAME "gmml"
| #define PACKAGE_TARNAME "gmml"
| #define PACKAGE_VERSION "0.0.3"
| #define PACKAGE_STRING "gmml 0.0.3"
| #define PACKAGE_BUGREPORT "rtdavis22@gmail.com"
| #define PACKAGE_URL ""
| #define PACKAGE "gmml"
| #define VERSION "0.0.3"
| #define STDC_HEADERS 1
| #define HAVE_SYS_TYPES_H 1
| #define HAVE_SYS_STAT_H 1
| #define HAVE_STDLIB_H 1
| #define HAVE_STRING_H 1
| #define HAVE_MEMORY_H 1
| #define HAVE_STRINGS_H 1
| #define HAVE_INTTYPES_H 1
| #define HAVE_STDINT_H 1
| #define HAVE_UNISTD_H 1
| #define HAVE_DLFCN_H 1
| #define LT_OBJDIR ".libs/"
| #define HAVE_SANDER 1
| #define HAVE_SYS_TIME_H 1
| #define HAVE_UNISTD_H 1
| #define HAVE__BOOL 1
| #define HAVE_STDBOOL_H 1
| /* end confdefs.h.  */
| #include <stdio.h>
| #ifdef HAVE_SYS_TYPES_H
| # include <sys/types.h>
| #endif
| #ifdef HAVE_SYS_STAT_H
| # include <sys/stat.h>
| #endif
| #ifdef STDC_HEADERS
| # include <stdlib.h>
| # include <stddef.h>
| #else
| # ifdef HAVE_STDLIB_H
| #  include <stdlib.h>
| # endif
| #endif
| #ifdef HAVE_STRING_H
| # if !defined STDC_HEADERS && defined HAVE_MEMORY_H
| #  include <memory.h>
| # endif
| # include <string.h>
| #endif
| #ifdef HAVE_STRINGS_H
| # include <strings.h>
| #endif
| #ifdef HAVE_INTTYPES_H
| # include <inttypes.h>
| #endif
| #ifdef HAVE_STDINT_H
| # include <stdint.h>
| #endif
| #ifdef HAVE_UNISTD_H
| # include <unistd.h>
| #endif
| int
| main ()
| {
| if (sizeof ((ptrdiff_t)))
| 	    return 0;
|   ;
|   return 0;
| }
configure:14633: result: yes
configure:14644: checking for error_at_line
configure:14660: gcc -o conftest -g -O2   conftest.c  >&5
configure:14660: $? = 0
configure:14668: result: yes
configure:14681: checking vfork.h usability
configure:14681: gcc -c -g -O2  conftest.c >&5
conftest.c:62:19: error: vfork.h: No such file or directory
configure:14681: $? = 1
configure: failed program was:
| /* confdefs.h */
| #define PACKAGE_NAME "gmml"
| #define PACKAGE_TARNAME "gmml"
| #define PACKAGE_VERSION "0.0.3"
| #define PACKAGE_STRING "gmml 0.0.3"
| #define PACKAGE_BUGREPORT "rtdavis22@gmail.com"
| #define PACKAGE_URL ""
| #define PACKAGE "gmml"
| #define VERSION "0.0.3"
| #define STDC_HEADERS 1
| #define HAVE_SYS_TYPES_H 1
| #define HAVE_SYS_STAT_H 1
| #define HAVE_STDLIB_H 1
| #define HAVE_STRING_H 1
| #define HAVE_MEMORY_H 1
| #define HAVE_STRINGS_H 1
| #define HAVE_INTTYPES_H 1
| #define HAVE_STDINT_H 1
| #define HAVE_UNISTD_H 1
| #define HAVE_DLFCN_H 1
| #define LT_OBJDIR ".libs/"
| #define HAVE_SANDER 1
| #define HAVE_SYS_TIME_H 1
| #define HAVE_UNISTD_H 1
| #define HAVE__BOOL 1
| #define HAVE_STDBOOL_H 1
| #define HAVE_PTRDIFF_T 1
| /* end confdefs.h.  */
| #include <stdio.h>
| #ifdef HAVE_SYS_TYPES_H
| # include <sys/types.h>
| #endif
| #ifdef HAVE_SYS_STAT_H
| # include <sys/stat.h>
| #endif
| #ifdef STDC_HEADERS
| # include <stdlib.h>
| # include <stddef.h>
| #else
| # ifdef HAVE_STDLIB_H
| #  include <stdlib.h>
| # endif
| #endif
| #ifdef HAVE_STRING_H
| # if !defined STDC_HEADERS && defined HAVE_MEMORY_H
| #  include <memory.h>
| # endif
| # include <string.h>
| #endif
| #ifdef HAVE_STRINGS_H
| # include <strings.h>
| #endif
| #ifdef HAVE_INTTYPES_H
| # include <inttypes.h>
| #endif
| #ifdef HAVE_STDINT_H
| # include <stdint.h>
| #endif
| #ifdef HAVE_UNISTD_H
| # include <unistd.h>
| #endif
| #include <vfork.h>
configure:14681: result: no
configure:14681: checking vfork.h presence
configure:14681: gcc -E  conftest.c
conftest.c:29:19: error: vfork.h: No such file or directory
configure:14681: $? = 1
configure: failed program was:
| /* confdefs.h */
| #define PACKAGE_NAME "gmml"
| #define PACKAGE_TARNAME "gmml"
| #define PACKAGE_VERSION "0.0.3"
| #define PACKAGE_STRING "gmml 0.0.3"
| #define PACKAGE_BUGREPORT "rtdavis22@gmail.com"
| #define PACKAGE_URL ""
| #define PACKAGE "gmml"
| #define VERSION "0.0.3"
| #define STDC_HEADERS 1
| #define HAVE_SYS_TYPES_H 1
| #define HAVE_SYS_STAT_H 1
| #define HAVE_STDLIB_H 1
| #define HAVE_STRING_H 1
| #define HAVE_MEMORY_H 1
| #define HAVE_STRINGS_H 1
| #define HAVE_INTTYPES_H 1
| #define HAVE_STDINT_H 1
| #define HAVE_UNISTD_H 1
| #define HAVE_DLFCN_H 1
| #define LT_OBJDIR ".libs/"
| #define HAVE_SANDER 1
| #define HAVE_SYS_TIME_H 1
| #define HAVE_UNISTD_H 1
| #define HAVE__BOOL 1
| #define HAVE_STDBOOL_H 1
| #define HAVE_PTRDIFF_T 1
| /* end confdefs.h.  */
| #include <vfork.h>
configure:14681: result: no
configure:14681: checking for vfork.h
configure:14681: result: no
configure:14694: checking for fork
configure:14694: gcc -o conftest -g -O2   conftest.c  >&5
conftest.c:52: warning: conflicting types for built-in function 'fork'
configure:14694: $? = 0
configure:14694: result: yes
configure:14694: checking for vfork
configure:14694: gcc -o conftest -g -O2   conftest.c  >&5
configure:14694: $? = 0
configure:14694: result: yes
configure:14705: checking for working fork
configure:14727: gcc -o conftest -g -O2   conftest.c  >&5
configure:14727: $? = 0
configure:14727: ./conftest
configure:14727: $? = 0
configure:14737: result: yes
configure:14758: checking for working vfork
configure:14868: result: yes
configure:14896: checking for gettimeofday
configure:14896: gcc -o conftest -g -O2   conftest.c  >&5
configure:14896: $? = 0
configure:14896: result: yes
configure:14896: checking for localtime_r
configure:14896: gcc -o conftest -g -O2   conftest.c  >&5
configure:14896: $? = 0
configure:14896: result: yes
configure:14960: checking for boostlib >= 1.30
configure:15029: g++ -c -g -O2  -I/usr/include conftest.cpp >&5
configure:15029: $? = 0
configure:15031: result: yes
configure:15306: creating ./config.status

## ---------------------- ##
## Running config.status. ##
## ---------------------- ##

This file was extended by gmml config.status 0.0.3, which was
generated by GNU Autoconf 2.65.  Invocation command line was

  CONFIG_FILES    = 
  CONFIG_HEADERS  = 
  CONFIG_LINKS    = 
  CONFIG_COMMANDS = 
  $ ./config.status 

on elrobo

config.status:1144: creating Makefile
config.status:1144: creating test/Makefile
config.status:1144: creating config.h
config.status:1316: config.h is unchanged
config.status:1364: executing depfiles commands
config.status:1364: executing libtool commands
configure:17839: === configuring in gtest (/home/robert/Documents/gems/deps/gmml/gtest)
configure:17902: running /bin/bash ./configure --disable-option-checking '--prefix=/usr/local'  --cache-file=/dev/null --srcdir=.

## ---------------- ##
## Cache variables. ##
## ---------------- ##

ac_cv_build=x86_64-unknown-linux-gnu
ac_cv_c_compiler_gnu=yes
ac_cv_c_inline=inline
ac_cv_cxx_compiler_gnu=yes
ac_cv_env_CCC_set=
ac_cv_env_CCC_value=
ac_cv_env_CC_set=
ac_cv_env_CC_value=
ac_cv_env_CFLAGS_set=
ac_cv_env_CFLAGS_value=
ac_cv_env_CPPFLAGS_set=
ac_cv_env_CPPFLAGS_value=
ac_cv_env_CPP_set=
ac_cv_env_CPP_value=
ac_cv_env_CXXCPP_set=
ac_cv_env_CXXCPP_value=
ac_cv_env_CXXFLAGS_set=
ac_cv_env_CXXFLAGS_value=
ac_cv_env_CXX_set=
ac_cv_env_CXX_value=
ac_cv_env_LDFLAGS_set=
ac_cv_env_LDFLAGS_value=
ac_cv_env_LIBS_set=
ac_cv_env_LIBS_value=
ac_cv_env_build_alias_set=
ac_cv_env_build_alias_value=
ac_cv_env_host_alias_set=
ac_cv_env_host_alias_value=
ac_cv_env_target_alias_set=
ac_cv_env_target_alias_value=
ac_cv_func_dlopen=no
ac_cv_func_fork=yes
ac_cv_func_fork_works=yes
ac_cv_func_gettimeofday=yes
ac_cv_func_localtime_r=yes
ac_cv_func_shl_load=no
ac_cv_func_vfork=yes
ac_cv_func_vfork_works=yes
ac_cv_header_dlfcn_h=yes
ac_cv_header_inttypes_h=yes
ac_cv_header_memory_h=yes
ac_cv_header_stdbool_h=yes
ac_cv_header_stdc=yes
ac_cv_header_stdint_h=yes
ac_cv_header_stdlib_h=yes
ac_cv_header_string_h=yes
ac_cv_header_strings_h=yes
ac_cv_header_sys_stat_h=yes
ac_cv_header_sys_time_h=yes
ac_cv_header_sys_types_h=yes
ac_cv_header_unistd_h=yes
ac_cv_header_vfork_h=no
ac_cv_host=x86_64-unknown-linux-gnu
ac_cv_lib_dl_dlopen=yes
ac_cv_lib_dld_shl_load=no
ac_cv_lib_error_at_line=yes
ac_cv_objext=o
ac_cv_path_EGREP='/bin/grep -E'
ac_cv_path_FGREP='/bin/grep -F'
ac_cv_path_GREP=/bin/grep
ac_cv_path_SED=/bin/sed
ac_cv_path_install='/usr/bin/install -c'
ac_cv_path_mkdir=/bin/mkdir
ac_cv_prog_AWK=gawk
ac_cv_prog_CPP='gcc -E'
ac_cv_prog_CXXCPP='g++ -E'
ac_cv_prog_ac_ct_AR=ar
ac_cv_prog_ac_ct_CC=gcc
ac_cv_prog_ac_ct_CXX=g++
ac_cv_prog_ac_ct_OBJDUMP=objdump
ac_cv_prog_ac_ct_RANLIB=ranlib
ac_cv_prog_ac_ct_STRIP=strip
ac_cv_prog_cc_c89=
ac_cv_prog_cc_g=yes
ac_cv_prog_cxx_g=yes
ac_cv_prog_have_sander=yes
ac_cv_prog_make_make_set=yes
ac_cv_type__Bool=yes
ac_cv_type_pid_t=yes
ac_cv_type_ptrdiff_t=yes
ac_cv_type_size_t=yes
am_cv_CC_dependencies_compiler_type=gcc3
am_cv_CXX_dependencies_compiler_type=gcc3
lt_cv_deplibs_check_method=pass_all
lt_cv_dlopen=dlopen
lt_cv_dlopen_libs=-ldl
lt_cv_dlopen_self=yes
lt_cv_dlopen_self_static=no
lt_cv_file_magic_cmd='$MAGIC_CMD'
lt_cv_file_magic_test_file=
lt_cv_ld_reload_flag=-r
lt_cv_nm_interface='BSD nm'
lt_cv_objdir=.libs
lt_cv_path_LD=/usr/bin/ld
lt_cv_path_LDCXX='/usr/bin/ld -m elf_x86_64'
lt_cv_path_NM='/usr/bin/nm -B'
lt_cv_prog_compiler_c_o=yes
lt_cv_prog_compiler_c_o_CXX=yes
lt_cv_prog_compiler_pic_works=yes
lt_cv_prog_compiler_pic_works_CXX=yes
lt_cv_prog_compiler_rtti_exceptions=no
lt_cv_prog_compiler_static_works=yes
lt_cv_prog_compiler_static_works_CXX=yes
lt_cv_prog_gnu_ld=yes
lt_cv_prog_gnu_ldcxx=yes
lt_cv_sys_global_symbol_pipe='sed -n -e '\''s/^.*[	 ]\([ABCDGIRSTW][ABCDGIRSTW]*\)[	 ][	 ]*\([_A-Za-z][_A-Za-z0-9]*\)$/\1 \2 \2/p'\'''
lt_cv_sys_global_symbol_to_c_name_address='sed -n -e '\''s/^: \([^ ]*\) $/  {\"\1\", (void *) 0},/p'\'' -e '\''s/^[ABCDGIRSTW]* \([^ ]*\) \([^ ]*\)$/  {"\2", (void *) \&\2},/p'\'''
lt_cv_sys_global_symbol_to_c_name_address_lib_prefix='sed -n -e '\''s/^: \([^ ]*\) $/  {\"\1\", (void *) 0},/p'\'' -e '\''s/^[ABCDGIRSTW]* \([^ ]*\) \(lib[^ ]*\)$/  {"\2", (void *) \&\2},/p'\'' -e '\''s/^[ABCDGIRSTW]* \([^ ]*\) \([^ ]*\)$/  {"lib\2", (void *) \&\2},/p'\'''
lt_cv_sys_global_symbol_to_cdecl='sed -n -e '\''s/^T .* \(.*\)$/extern int \1();/p'\'' -e '\''s/^[ABCDGIRSTW]* .* \(.*\)$/extern char \1;/p'\'''
lt_cv_sys_max_cmd_len=1572864

## ----------------- ##
## Output variables. ##
## ----------------- ##

ACLOCAL='${SHELL} /home/robert/Documents/gems/deps/gmml/missing --run aclocal-1.11'
AMDEPBACKSLASH='\'
AMDEP_FALSE='#'
AMDEP_TRUE=''
AMTAR='${SHELL} /home/robert/Documents/gems/deps/gmml/missing --run tar'
AM_BACKSLASH='\'
AM_DEFAULT_VERBOSITY='1'
AR='ar'
AUTOCONF='${SHELL} /home/robert/Documents/gems/deps/gmml/missing --run autoconf'
AUTOHEADER='${SHELL} /home/robert/Documents/gems/deps/gmml/missing --run autoheader'
AUTOMAKE='${SHELL} /home/robert/Documents/gems/deps/gmml/missing --run automake-1.11'
AWK='gawk'
BOOST_CPPFLAGS='-I/usr/include'
BOOST_LDFLAGS='-L/usr/lib64'
CC='gcc'
CCDEPMODE='depmode=gcc3'
CFLAGS='-g -O2'
CPP='gcc -E'
CPPFLAGS=''
CXX='g++'
CXXCPP='g++ -E'
CXXDEPMODE='depmode=gcc3'
CXXFLAGS='-g -O2'
CYGPATH_W='echo'
DEFS='-DHAVE_CONFIG_H'
DEPDIR='.deps'
DSYMUTIL=''
DUMPBIN=''
ECHO_C=''
ECHO_N='-n'
ECHO_T=''
EGREP='/bin/grep -E'
EXEEXT=''
FGREP='/bin/grep -F'
GREP='/bin/grep'
INSTALL_DATA='${INSTALL} -m 644'
INSTALL_PROGRAM='${INSTALL}'
INSTALL_SCRIPT='${INSTALL}'
INSTALL_STRIP_PROGRAM='$(install_sh) -c -s'
LD='/usr/bin/ld -m elf_x86_64'
LDFLAGS=''
LIBOBJS=''
LIBS=''
LIBTOOL='$(SHELL) $(top_builddir)/libtool'
LIPO=''
LN_S='ln -s'
LTLIBOBJS=''
MAKEINFO='${SHELL} /home/robert/Documents/gems/deps/gmml/missing --run makeinfo'
MKDIR_P='/bin/mkdir -p'
NM='/usr/bin/nm -B'
NMEDIT=''
OBJDUMP='objdump'
OBJEXT='o'
OTOOL64=''
OTOOL=''
PACKAGE='gmml'
PACKAGE_BUGREPORT='rtdavis22@gmail.com'
PACKAGE_NAME='gmml'
PACKAGE_STRING='gmml 0.0.3'
PACKAGE_TARNAME='gmml'
PACKAGE_URL=''
PACKAGE_VERSION='0.0.3'
PATH_SEPARATOR=':'
RANLIB='ranlib'
SED='/bin/sed'
SET_MAKE=''
SHELL='/bin/bash'
STRIP='strip'
VERSION='0.0.3'
ac_ct_CC='gcc'
ac_ct_CXX='g++'
ac_ct_DUMPBIN=''
am__EXEEXT_FALSE=''
am__EXEEXT_TRUE='#'
am__fastdepCC_FALSE='#'
am__fastdepCC_TRUE=''
am__fastdepCXX_FALSE='#'
am__fastdepCXX_TRUE=''
am__include='include'
am__isrc=''
am__leading_dot='.'
am__quote=''
am__tar='${AMTAR} chof - "$$tardir"'
am__untar='${AMTAR} xf -'
bindir='${exec_prefix}/bin'
build='x86_64-unknown-linux-gnu'
build_alias=''
build_cpu='x86_64'
build_os='linux-gnu'
build_vendor='unknown'
datadir='${datarootdir}'
datarootdir='${prefix}/share'
docdir='${datarootdir}/doc/${PACKAGE_TARNAME}'
dvidir='${docdir}'
exec_prefix='${prefix}'
have_sander='yes'
host='x86_64-unknown-linux-gnu'
host_alias=''
host_cpu='x86_64'
host_os='linux-gnu'
host_vendor='unknown'
htmldir='${docdir}'
includedir='${prefix}/include'
infodir='${datarootdir}/info'
install_sh='${SHELL} /home/robert/Documents/gems/deps/gmml/install-sh'
libdir='${exec_prefix}/lib'
libexecdir='${exec_prefix}/libexec'
localedir='${datarootdir}/locale'
localstatedir='${prefix}/var'
lt_ECHO='echo'
mandir='${datarootdir}/man'
mkdir_p='/bin/mkdir -p'
oldincludedir='/usr/include'
pdfdir='${docdir}'
prefix='/usr/local'
program_transform_name='s,x,x,'
psdir='${docdir}'
sbindir='${exec_prefix}/sbin'
sharedstatedir='${prefix}/com'
subdirs=' gtest'
sysconfdir='${prefix}/etc'
target_alias=''

## ----------- ##
## confdefs.h. ##
## ----------- ##

/* confdefs.h */
#define PACKAGE_NAME "gmml"
#define PACKAGE_TARNAME "gmml"
#define PACKAGE_VERSION "0.0.3"
#define PACKAGE_STRING "gmml 0.0.3"
#define PACKAGE_BUGREPORT "rtdavis22@gmail.com"
#define PACKAGE_URL ""
#define PACKAGE "gmml"
#define VERSION "0.0.3"
#define STDC_HEADERS 1
#define HAVE_SYS_TYPES_H 1
#define HAVE_SYS_STAT_H 1
#define HAVE_STDLIB_H 1
#define HAVE_STRING_H 1
#define HAVE_MEMORY_H 1
#define HAVE_STRINGS_H 1
#define HAVE_INTTYPES_H 1
#define HAVE_STDINT_H 1
#define HAVE_UNISTD_H 1
#define HAVE_DLFCN_H 1
#define LT_OBJDIR ".libs/"
#define HAVE_SANDER 1
#define HAVE_SYS_TIME_H 1
#define HAVE_UNISTD_H 1
#define HAVE__BOOL 1
#define HAVE_STDBOOL_H 1
#define HAVE_PTRDIFF_T 1
#define HAVE_FORK 1
#define HAVE_VFORK 1
#define HAVE_WORKING_VFORK 1
#define HAVE_WORKING_FORK 1
#define HAVE_GETTIMEOFDAY 1
#define HAVE_LOCALTIME_R 1
#define HAVE_BOOST /**/

configure: exit 0
